<?xml version="1.0" encoding="UTF-8"?>
<testsuite xmlns:xsi="http://www.w3.org/2001/XMLSchema-instance" xsi:noNamespaceSchemaLocation="https://maven.apache.org/surefire/maven-surefire-plugin/xsd/surefire-test-report-3.0.xsd" version="3.0" name="com.in28minutes.rest.webservices.restfulwebservices.RestfulWebServicesApplicationTests" time="3.19" tests="1" errors="0" skipped="0" failures="0">
  <properties>
[...]
</properties>
  <testcase name="contextLoads" classname="com.in28minutes.rest.webservices.restfulwebservices.RestfulWebServicesApplicationTests" time="0.075">
    <system-out><![CDATA[20:45:26.149 [main] DEBUG org.springframework.test.context.BootstrapUtils - Instantiating CacheAwareContextLoaderDelegate from class [org.springframework.test.context.cache.DefaultCacheAwareContextLoaderDelegate]
20:45:26.157 [main] DEBUG org.springframework.test.context.BootstrapUtils - Instantiating BootstrapContext using constructor [public org.springframework.test.context.support.DefaultBootstrapContext(java.lang.Class,org.springframework.test.context.CacheAwareContextLoaderDelegate)]
20:45:26.173 [main] DEBUG org.springframework.test.context.BootstrapUtils - Instantiating TestContextBootstrapper for test class [com.in28minutes.rest.webservices.restfulwebservices.RestfulWebServicesApplicationTests] from class [org.springframework.boot.test.context.SpringBootTestContextBootstrapper]
20:45:26.179 [main] INFO org.springframework.boot.test.context.SpringBootTestContextBootstrapper - Neither @ContextConfiguration nor @ContextHierarchy found for test class [com.in28minutes.rest.webservices.restfulwebservices.RestfulWebServicesApplicationTests], using SpringBootContextLoader
20:45:26.181 [main] DEBUG org.springframework.test.context.support.AbstractContextLoader - Did not detect default resource location for test class [com.in28minutes.rest.webservices.restfulwebservices.RestfulWebServicesApplicationTests]: class path resource [com/in28minutes/rest/webservices/restfulwebservices/RestfulWebServicesApplicationTests-context.xml] does not exist
20:45:26.181 [main] DEBUG org.springframework.test.context.support.AbstractContextLoader - Did not detect default resource location for test class [com.in28minutes.rest.webservices.restfulwebservices.RestfulWebServicesApplicationTests]: class path resource [com/in28minutes/rest/webservices/restfulwebservices/RestfulWebServicesApplicationTestsContext.groovy] does not exist
20:45:26.181 [main] INFO org.springframework.test.context.support.AbstractContextLoader - Could not detect default resource locations for test class [com.in28minutes.rest.webservices.restfulwebservices.RestfulWebServicesApplicationTests]: no resource found for suffixes {-context.xml, Context.groovy}.
20:45:26.181 [main] INFO org.springframework.test.context.support.AnnotationConfigContextLoaderUtils - Could not detect default configuration classes for test class [com.in28minutes.rest.webservices.restfulwebservices.RestfulWebServicesApplicationTests]: RestfulWebServicesApplicationTests does not declare any static, non-private, non-final, nested classes annotated with @Configuration.
20:45:26.204 [main] DEBUG org.springframework.test.context.support.ActiveProfilesUtils - Could not find an 'annotation declaring class' for annotation type [org.springframework.test.context.ActiveProfiles] and class [com.in28minutes.rest.webservices.restfulwebservices.RestfulWebServicesApplicationTests]
20:45:26.234 [main] DEBUG org.springframework.context.annotation.ClassPathScanningCandidateComponentProvider - Identified candidate component class: file [/Users/ansarismagilov/Desktop/CODE/SpringPractise/Fullstack Deployment/target/classes/com/in28minutes/rest/webservices/restfulwebservices/RestfulWebServicesApplication.class]
20:45:26.234 [main] INFO org.springframework.boot.test.context.SpringBootTestContextBootstrapper - Found @SpringBootConfiguration com.in28minutes.rest.webservices.restfulwebservices.RestfulWebServicesApplication for test class com.in28minutes.rest.webservices.restfulwebservices.RestfulWebServicesApplicationTests
20:45:26.271 [main] DEBUG org.springframework.boot.test.context.SpringBootTestContextBootstrapper - @TestExecutionListeners is not present for class [com.in28minutes.rest.webservices.restfulwebservices.RestfulWebServicesApplicationTests]: using defaults.
20:45:26.281 [main] INFO org.springframework.boot.test.context.SpringBootTestContextBootstrapper - Loaded default TestExecutionListener implementations from location [META-INF/spring.factories]: [org.springframework.test.context.web.ServletTestExecutionListener, org.springframework.test.context.support.DirtiesContextBeforeModesTestExecutionListener, org.springframework.test.context.event.ApplicationEventsTestExecutionListener, org.springframework.boot.test.mock.mockito.MockitoTestExecutionListener, org.springframework.test.context.support.DependencyInjectionTestExecutionListener, org.springframework.test.context.support.DirtiesContextTestExecutionListener, org.springframework.test.context.transaction.TransactionalTestExecutionListener, org.springframework.test.context.jdbc.SqlScriptsTestExecutionListener, org.springframework.test.context.event.EventPublishingTestExecutionListener, org.springframework.boot.test.mock.mockito.ResetMocksTestExecutionListener, org.springframework.boot.test.autoconfigure.restdocs.RestDocsTestExecutionListener, org.springframework.boot.test.autoconfigure.web.client.MockRestServiceServerResetTestExecutionListener, org.springframework.boot.test.autoconfigure.web.servlet.MockMvcPrintOnlyOnFailureTestExecutionListener, org.springframework.boot.test.autoconfigure.web.servlet.WebDriverTestExecutionListener, org.springframework.boot.test.autoconfigure.webservices.client.MockWebServiceServerTestExecutionListener]
20:45:26.283 [main] INFO org.springframework.boot.test.context.SpringBootTestContextBootstrapper - Using TestExecutionListeners: [org.springframework.test.context.web.ServletTestExecutionListener@4f5991f6, org.springframework.test.context.support.DirtiesContextBeforeModesTestExecutionListener@484094a5, org.springframework.test.context.event.ApplicationEventsTestExecutionListener@38234a38, org.springframework.boot.test.mock.mockito.MockitoTestExecutionListener@63fbfaeb, org.springframework.boot.test.autoconfigure.SpringBootDependencyInjectionTestExecutionListener@602e0143, org.springframework.test.context.support.DirtiesContextTestExecutionListener@2c07545f, org.springframework.test.context.transaction.TransactionalTestExecutionListener@e57b96d, org.springframework.test.context.jdbc.SqlScriptsTestExecutionListener@32c726ee, org.springframework.test.context.event.EventPublishingTestExecutionListener@22f31dec, org.springframework.boot.test.mock.mockito.ResetMocksTestExecutionListener@34c01041, org.springframework.boot.test.autoconfigure.restdocs.RestDocsTestExecutionListener@76f4b65, org.springframework.boot.test.autoconfigure.web.client.MockRestServiceServerResetTestExecutionListener@c94fd30, org.springframework.boot.test.autoconfigure.web.servlet.MockMvcPrintOnlyOnFailureTestExecutionListener@36328d33, org.springframework.boot.test.autoconfigure.web.servlet.WebDriverTestExecutionListener@2c4d1ac, org.springframework.boot.test.autoconfigure.webservices.client.MockWebServiceServerTestExecutionListener@7f0d96f2]
20:45:26.286 [main] DEBUG org.springframework.test.context.support.AbstractDirtiesContextTestExecutionListener - Before test class: context [DefaultTestContext@5ce8d869 testClass = RestfulWebServicesApplicationTests, testInstance = [null], testMethod = [null], testException = [null], mergedContextConfiguration = [WebMergedContextConfiguration@27eedb64 testClass = RestfulWebServicesApplicationTests, locations = '{}', classes = '{class com.in28minutes.rest.webservices.restfulwebservices.RestfulWebServicesApplication}', contextInitializerClasses = '[]', activeProfiles = '{}', propertySourceLocations = '{}', propertySourceProperties = '{org.springframework.boot.test.context.SpringBootTestContextBootstrapper=true}', contextCustomizers = set[org.springframework.boot.test.context.filter.ExcludeFilterContextCustomizer@3c7f66c4, org.springframework.boot.test.json.DuplicateJsonObjectContextCustomizerFactory$DuplicateJsonObjectContextCustomizer@f0da945, org.springframework.boot.test.mock.mockito.MockitoContextCustomizer@0, org.springframework.boot.test.web.client.TestRestTemplateContextCustomizer@27462a88, org.springframework.boot.test.autoconfigure.actuate.observability.ObservabilityContextCustomizerFactory$DisableObservabilityContextCustomizer@9da1, org.springframework.boot.test.autoconfigure.properties.PropertyMappingContextCustomizer@0, org.springframework.boot.test.autoconfigure.web.servlet.WebDriverContextCustomizerFactory$Customizer@5a45133e, org.springframework.boot.test.context.SpringBootTestArgs@1, org.springframework.boot.test.context.SpringBootTestWebEnvironment@262b2c86], resourceBasePath = 'src/main/webapp', contextLoader = 'org.springframework.boot.test.context.SpringBootContextLoader', parent = [null]], attributes = map['org.springframework.test.context.web.ServletTestExecutionListener.activateListener' -> true]], class annotated with @DirtiesContext [false] with mode [null].

  .   ____          _            __ _ _
 /\\ / ___'_ __ _ _(_)_ __  __ _ \ \ \ \
( ( )\___ | '_ | '_| | '_ \/ _` | \ \ \ \
 \\/  ___)| |_)| | | | | || (_| |  ) ) ) )
  '  |____| .__|_| |_|_| |_\__, | / / / /
 =========|_|==============|___/=/_/_/_/
 :: Spring Boot ::             (v3.0.0-M4)

2023-09-04T20:45:26.448+08:00  INFO 56646 --- [           main] r.w.r.RestfulWebServicesApplicationTests : Starting RestfulWebServicesApplicationTests using Java 17.0.7 on MacBook-Pro-Ansar.local with PID 56646 (started by ansarismagilov in /Users/ansarismagilov/Desktop/CODE/SpringPractise/Fullstack Deployment)
2023-09-04T20:45:26.449+08:00  INFO 56646 --- [           main] r.w.r.RestfulWebServicesApplicationTests : No active profile set, falling back to 1 default profile: "default"
2023-09-04T20:45:26.833+08:00  INFO 56646 --- [           main] .s.d.r.c.RepositoryConfigurationDelegate : Bootstrapping Spring Data JPA repositories in DEFAULT mode.
2023-09-04T20:45:26.857+08:00  INFO 56646 --- [           main] .s.d.r.c.RepositoryConfigurationDelegate : Finished Spring Data repository scanning in 19 ms. Found 2 JPA repository interfaces.
2023-09-04T20:45:27.122+08:00  INFO 56646 --- [           main] o.hibernate.jpa.internal.util.LogHelper  : HHH000204: Processing PersistenceUnitInfo [name: default]
2023-09-04T20:45:27.148+08:00  INFO 56646 --- [           main] org.hibernate.Version                    : HHH000412: Hibernate ORM core version 6.1.1.Final
2023-09-04T20:45:27.246+08:00  WARN 56646 --- [           main] org.hibernate.orm.deprecation            : HHH90000021: Encountered deprecated setting [javax.persistence.sharedCache.mode], use [jakarta.persistence.sharedCache.mode] instead
2023-09-04T20:45:27.290+08:00  INFO 56646 --- [           main] com.zaxxer.hikari.HikariDataSource       : HikariPool-1 - Starting...
2023-09-04T20:45:27.541+08:00  INFO 56646 --- [           main] com.zaxxer.hikari.pool.HikariPool        : HikariPool-1 - Added connection com.mysql.cj.jdbc.ConnectionImpl@2864f887
2023-09-04T20:45:27.543+08:00  INFO 56646 --- [           main] com.zaxxer.hikari.HikariDataSource       : HikariPool-1 - Start completed.
2023-09-04T20:45:27.559+08:00  INFO 56646 --- [           main] SQL dialect                              : HHH000400: Using dialect: org.hibernate.dialect.MySQL8Dialect
2023-09-04T20:45:27.560+08:00  WARN 56646 --- [           main] org.hibernate.orm.deprecation            : HHH90000026: MySQL8Dialect has been deprecated; use org.hibernate.dialect.MySQLDialect instead
2023-09-04T20:45:28.104+08:00  INFO 56646 --- [           main] o.h.e.t.j.p.i.JtaPlatformInitiator       : HHH000490: Using JtaPlatform implementation: [org.hibernate.engine.transaction.jta.platform.internal.NoJtaPlatform]
2023-09-04T20:45:28.108+08:00  INFO 56646 --- [           main] j.LocalContainerEntityManagerFactoryBean : Initialized JPA EntityManagerFactory for persistence unit 'default'
2023-09-04T20:45:28.854+08:00  WARN 56646 --- [           main] JpaBaseConfiguration$JpaWebConfiguration : spring.jpa.open-in-view is enabled by default. Therefore, database queries may be performed during view rendering. Explicitly configure spring.jpa.open-in-view to disable this warning
2023-09-04T20:45:29.034+08:00  INFO 56646 --- [           main] o.s.s.web.DefaultSecurityFilterChain     : Will secure any request with [org.springframework.security.web.session.DisableEncodeUrlFilter@62fbefad, org.springframework.security.web.context.request.async.WebAsyncManagerIntegrationFilter@79f59e0e, org.springframework.security.web.context.SecurityContextHolderFilter@4bec6682, org.springframework.security.web.header.HeaderWriterFilter@10f384a2, org.springframework.security.web.authentication.logout.LogoutFilter@9863ed5, org.springframework.security.oauth2.server.resource.web.BearerTokenAuthenticationFilter@6560f387, org.springframework.security.web.authentication.www.BasicAuthenticationFilter@19b8f1bd, org.springframework.security.web.savedrequest.RequestCacheAwareFilter@7f839ec5, org.springframework.security.web.servletapi.SecurityContextHolderAwareRequestFilter@23f539df, org.springframework.security.web.authentication.AnonymousAuthenticationFilter@279ebd94, org.springframework.security.web.session.SessionManagementFilter@116efe65, org.springframework.security.web.access.ExceptionTranslationFilter@6b468710, org.springframework.security.web.access.intercept.FilterSecurityInterceptor@47bfde21]
2023-09-04T20:45:29.200+08:00  INFO 56646 --- [           main] r.w.r.RestfulWebServicesApplicationTests : Started RestfulWebServicesApplicationTests in 2.895 seconds (process running for 3.44)
]]></system-out>
  </testcase>
</testsuite>